# JRE version: OpenJDK Runtime Environment Temurin-17.0.8.1+1 (17.0.8.1+1) (build 17.0.8.1+1)
# Java VM: OpenJDK 64-Bit Server VM Temurin-17.0.8.1+1 (17.0.8.1+1, mixed mode, tiered, compressed oops, compressed class ptrs, parallel gc, windows-amd64)
GC Precious Log:
 CPUs: 4 total, 4 available
 Memory: 8073M
 Large Page Support: Disabled
 NUMA Support: Disabled
 Compressed Oops: Enabled (32-bit)
 Alignments: Space 512K, Generation 512K, Heap 2M
 Heap Min Capacity: 100M
 Heap Initial Capacity: 100M
 Heap Max Capacity: 1G
 Pre-touch: Disabled
 Parallel Workers: 4
Heap:
 PSYoungGen      total 12288K, used 11604K [0x00000000eab00000, 0x00000000ebc00000, 0x0000000100000000)
  eden space 9216K, 92% used [0x00000000eab00000,0x00000000eb357080,0x00000000eb400000)
  from space 3072K, 99% used [0x00000000eb480000,0x00000000eb77e218,0x00000000eb780000)
  to   space 4096K, 0% used [0x00000000eb800000,0x00000000eb800000,0x00000000ebc00000)
 ParOldGen       total 150528K, used 126304K [0x00000000c0000000, 0x00000000c9300000, 0x00000000eab00000)
  object space 150528K, 83% used [0x00000000c0000000,0x00000000c7b580a8,0x00000000c9300000)
 Metaspace       used 83488K, committed 84736K, reserved 1179648K
  class space    used 9300K, committed 9856K, reserved 1048576K
GC Heap History (20 events):
Event: 946.291 GC heap before
{Heap before GC invocations=57 (full 6):
 PSYoungGen      total 20480K, used 20468K [0x00000000eab00000, 0x00000000ece80000, 0x0000000100000000)
  eden space 9728K, 100% used [0x00000000eab00000,0x00000000eb480000,0x00000000eb480000)
  from space 10752K, 99% used [0x00000000eb480000,0x00000000ebefd040,0x00000000ebf00000)
  to   space 13312K, 0% used [0x00000000ec180000,0x00000000ec180000,0x00000000ece80000)
 ParOldGen       total 131584K, used 123425K [0x00000000c0000000, 0x00000000c8080000, 0x00000000eab00000)
  object space 131584K, 93% used [0x00000000c0000000,0x00000000c7888530,0x00000000c8080000)
 Metaspace       used 80825K, committed 82048K, reserved 1179648K
  class space    used 9063K, committed 9600K, reserved 1048576K
}
Event: 946.303 GC heap after
{Heap after GC invocations=57 (full 6):
 PSYoungGen      total 14336K, used 4242K [0x00000000eab00000, 0x00000000ec600000, 0x0000000100000000)
  eden space 9728K, 0% used [0x00000000eab00000,0x00000000eab00000,0x00000000eb480000)
  from space 4608K, 92% used [0x00000000ec180000,0x00000000ec5a4978,0x00000000ec600000)
  to   space 7680K, 0% used [0x00000000eb700000,0x00000000eb700000,0x00000000ebe80000)
 ParOldGen       total 132608K, used 132408K [0x00000000c0000000, 0x00000000c8180000, 0x00000000eab00000)
  object space 132608K, 99% used [0x00000000c0000000,0x00000000c814e0c8,0x00000000c8180000)
 Metaspace       used 80825K, committed 82048K, reserved 1179648K
  class space    used 9063K, committed 9600K, reserved 1048576K
}
Event: 946.303 GC heap before
{Heap before GC invocations=58 (full 7):
 PSYoungGen      total 14336K, used 4242K [0x00000000eab00000, 0x00000000ec600000, 0x0000000100000000)
  eden space 9728K, 0% used [0x00000000eab00000,0x00000000eab00000,0x00000000eb480000)
  from space 4608K, 92% used [0x00000000ec180000,0x00000000ec5a4978,0x00000000ec600000)
  to   space 7680K, 0% used [0x00000000eb700000,0x00000000eb700000,0x00000000ebe80000)
 ParOldGen       total 132608K, used 132408K [0x00000000c0000000, 0x00000000c8180000, 0x00000000eab00000)
  object space 132608K, 99% used [0x00000000c0000000,0x00000000c814e0c8,0x00000000c8180000)
 Metaspace       used 80825K, committed 82048K, reserved 1179648K
  class space    used 9063K, committed 9600K, reserved 1048576K
}
Event: 946.436 GC heap after
{Heap after GC invocations=58 (full 7):
 PSYoungGen      total 10240K, used 0K [0x00000000eab00000, 0x00000000ec380000, 0x0000000100000000)
  eden space 9728K, 0% used [0x00000000eab00000,0x00000000eab00000,0x00000000eb480000)
  from space 512K, 0% used [0x00000000eb700000,0x00000000eb700000,0x00000000eb780000)
  to   space 7680K, 0% used [0x00000000ebc00000,0x00000000ebc00000,0x00000000ec380000)
 ParOldGen       total 150528K, used 116409K [0x00000000c0000000, 0x00000000c9300000, 0x00000000eab00000)
  object space 150528K, 77% used [0x00000000c0000000,0x00000000c71ae7f8,0x00000000c9300000)
 Metaspace       used 80640K, committed 82048K, reserved 1179648K
  class space    used 9025K, committed 9600K, reserved 1048576K
}
Event: 946.657 GC heap before
{Heap before GC invocations=59 (full 7):
 PSYoungGen      total 10240K, used 9728K [0x00000000eab00000, 0x00000000ec380000, 0x0000000100000000)
  eden space 9728K, 100% used [0x00000000eab00000,0x00000000eb480000,0x00000000eb480000)
  from space 512K, 0% used [0x00000000eb700000,0x00000000eb700000,0x00000000eb780000)
  to   space 7680K, 0% used [0x00000000ebc00000,0x00000000ebc00000,0x00000000ec380000)
 ParOldGen       total 150528K, used 116409K [0x00000000c0000000, 0x00000000c9300000, 0x00000000eab00000)
  object space 150528K, 77% used [0x00000000c0000000,0x00000000c71ae7f8,0x00000000c9300000)
 Metaspace       used 80964K, committed 82240K, reserved 1179648K
  class space    used 9031K, committed 9600K, reserved 1048576K
}
Event: 946.662 GC heap after
{Heap after GC invocations=59 (full 7):
 PSYoungGen      total 12288K, used 2220K [0x00000000eab00000, 0x00000000ebe80000, 0x0000000100000000)
  eden space 9728K, 0% used [0x00000000eab00000,0x00000000eab00000,0x00000000eb480000)
  from space 2560K, 86% used [0x00000000ebc00000,0x00000000ebe2b018,0x00000000ebe80000)
  to   space 3584K, 0% used [0x00000000eb780000,0x00000000eb780000,0x00000000ebb00000)
 ParOldGen       total 150528K, used 116417K [0x00000000c0000000, 0x00000000c9300000, 0x00000000eab00000)
  object space 150528K, 77% used [0x00000000c0000000,0x00000000c71b07f8,0x00000000c9300000)
 Metaspace       used 80964K, committed 82240K, reserved 1179648K
  class space    used 9031K, committed 9600K, reserved 1048576K
}
Event: 946.761 GC heap before
{Heap before GC invocations=60 (full 7):
 PSYoungGen      total 12288K, used 11948K [0x00000000eab00000, 0x00000000ebe80000, 0x0000000100000000)
  eden space 9728K, 100% used [0x00000000eab00000,0x00000000eb480000,0x00000000eb480000)
  from space 2560K, 86% used [0x00000000ebc00000,0x00000000ebe2b018,0x00000000ebe80000)
  to   space 3584K, 0% used [0x00000000eb780000,0x00000000eb780000,0x00000000ebb00000)
 ParOldGen       total 150528K, used 116417K [0x00000000c0000000, 0x00000000c9300000, 0x00000000eab00000)
  object space 150528K, 77% used [0x00000000c0000000,0x00000000c71b07f8,0x00000000c9300000)
 Metaspace       used 81097K, committed 82304K, reserved 1179648K
  class space    used 9031K, committed 9600K, reserved 1048576K
}
Event: 946.765 GC heap after
{Heap after GC invocations=60 (full 7):
 PSYoungGen      total 13312K, used 3572K [0x00000000eab00000, 0x00000000ebf80000, 0x0000000100000000)
  eden space 9728K, 0% used [0x00000000eab00000,0x00000000eab00000,0x00000000eb480000)
  from space 3584K, 99% used [0x00000000eb780000,0x00000000ebafd1a0,0x00000000ebb00000)
  to   space 4608K, 0% used [0x00000000ebb00000,0x00000000ebb00000,0x00000000ebf80000)
 ParOldGen       total 150528K, used 117570K [0x00000000c0000000, 0x00000000c9300000, 0x00000000eab00000)
  object space 150528K, 78% used [0x00000000c0000000,0x00000000c72d0900,0x00000000c9300000)
 Metaspace       used 81097K, committed 82304K, reserved 1179648K
  class space    used 9031K, committed 9600K, reserved 1048576K
}
Event: 946.942 GC heap before
{Heap before GC invocations=61 (full 7):
 PSYoungGen      total 13312K, used 13300K [0x00000000eab00000, 0x00000000ebf80000, 0x0000000100000000)
  eden space 9728K, 100% used [0x00000000eab00000,0x00000000eb480000,0x00000000eb480000)
  from space 3584K, 99% used [0x00000000eb780000,0x00000000ebafd1a0,0x00000000ebb00000)
  to   space 4608K, 0% used [0x00000000ebb00000,0x00000000ebb00000,0x00000000ebf80000)
 ParOldGen       total 150528K, used 117570K [0x00000000c0000000, 0x00000000c9300000, 0x00000000eab00000)
  object space 150528K, 78% used [0x00000000c0000000,0x00000000c72d0900,0x00000000c9300000)
 Metaspace       used 81214K, committed 82432K, reserved 1179648K
  class space    used 9037K, committed 9600K, reserved 1048576K
}
Event: 946.948 GC heap after
{Heap after GC invocations=61 (full 7):
 PSYoungGen      total 14336K, used 4589K [0x00000000eab00000, 0x00000000ec180000, 0x0000000100000000)
  eden space 9728K, 0% used [0x00000000eab00000,0x00000000eab00000,0x00000000eb480000)
  from space 4608K, 99% used [0x00000000ebb00000,0x00000000ebf7b738,0x00000000ebf80000)
  to   space 6656K, 0% used [0x00000000eb480000,0x00000000eb480000,0x00000000ebb00000)
 ParOldGen       total 150528K, used 118849K [0x00000000c0000000, 0x00000000c9300000, 0x00000000eab00000)
  object space 150528K, 78% used [0x00000000c0000000,0x00000000c7410568,0x00000000c9300000)
 Metaspace       used 81214K, committed 82432K, reserved 1179648K
  class space    used 9037K, committed 9600K, reserved 1048576K
}
Event: 947.062 GC heap before
{Heap before GC invocations=62 (full 7):
 PSYoungGen      total 14336K, used 14317K [0x00000000eab00000, 0x00000000ec180000, 0x0000000100000000)
  eden space 9728K, 100% used [0x00000000eab00000,0x00000000eb480000,0x00000000eb480000)
  from space 4608K, 99% used [0x00000000ebb00000,0x00000000ebf7b738,0x00000000ebf80000)
  to   space 6656K, 0% used [0x00000000eb480000,0x00000000eb480000,0x00000000ebb00000)
 ParOldGen       total 150528K, used 118849K [0x00000000c0000000, 0x00000000c9300000, 0x00000000eab00000)
  object space 150528K, 78% used [0x00000000c0000000,0x00000000c7410568,0x00000000c9300000)
 Metaspace       used 81288K, committed 82496K, reserved 1179648K
  class space    used 9039K, committed 9600K, reserved 1048576K
}
Event: 947.067 GC heap after
{Heap after GC invocations=62 (full 7):
 PSYoungGen      total 13824K, used 3894K [0x00000000eab00000, 0x00000000ebe80000, 0x0000000100000000)
  eden space 9728K, 0% used [0x00000000eab00000,0x00000000eab00000,0x00000000eb480000)
  from space 4096K, 95% used [0x00000000eb480000,0x00000000eb84db00,0x00000000eb880000)
  to   space 5120K, 0% used [0x00000000eb980000,0x00000000eb980000,0x00000000ebe80000)
 ParOldGen       total 150528K, used 121805K [0x00000000c0000000, 0x00000000c9300000, 0x00000000eab00000)
  object space 150528K, 80% used [0x00000000c0000000,0x00000000c76f3528,0x00000000c9300000)
 Metaspace       used 81288K, committed 82496K, reserved 1179648K
  class space    used 9039K, committed 9600K, reserved 1048576K
}
Event: 947.138 GC heap before
{Heap before GC invocations=63 (full 7):
 PSYoungGen      total 13824K, used 13622K [0x00000000eab00000, 0x00000000ebe80000, 0x0000000100000000)
  eden space 9728K, 100% used [0x00000000eab00000,0x00000000eb480000,0x00000000eb480000)
  from space 4096K, 95% used [0x00000000eb480000,0x00000000eb84db00,0x00000000eb880000)
  to   space 5120K, 0% used [0x00000000eb980000,0x00000000eb980000,0x00000000ebe80000)
 ParOldGen       total 150528K, used 121805K [0x00000000c0000000, 0x00000000c9300000, 0x00000000eab00000)
  object space 150528K, 80% used [0x00000000c0000000,0x00000000c76f3528,0x00000000c9300000)
 Metaspace       used 81388K, committed 82560K, reserved 1179648K
  class space    used 9050K, committed 9600K, reserved 1048576K
}
Event: 947.143 GC heap after
{Heap after GC invocations=63 (full 7):
 PSYoungGen      total 14336K, used 5103K [0x00000000eab00000, 0x00000000ebf80000, 0x0000000100000000)
  eden space 9216K, 0% used [0x00000000eab00000,0x00000000eab00000,0x00000000eb400000)
  from space 5120K, 99% used [0x00000000eb980000,0x00000000ebe7bca0,0x00000000ebe80000)
  to   space 5632K, 0% used [0x00000000eb400000,0x00000000eb400000,0x00000000eb980000)
 ParOldGen       total 150528K, used 121984K [0x00000000c0000000, 0x00000000c9300000, 0x00000000eab00000)
  object space 150528K, 81% used [0x00000000c0000000,0x00000000c77203b8,0x00000000c9300000)
 Metaspace       used 81388K, committed 82560K, reserved 1179648K
  class space    used 9050K, committed 9600K, reserved 1048576K
}
Event: 947.368 GC heap before
{Heap before GC invocations=64 (full 7):
 PSYoungGen      total 14336K, used 14319K [0x00000000eab00000, 0x00000000ebf80000, 0x0000000100000000)
  eden space 9216K, 100% used [0x00000000eab00000,0x00000000eb400000,0x00000000eb400000)
  from space 5120K, 99% used [0x00000000eb980000,0x00000000ebe7bca0,0x00000000ebe80000)
  to   space 5632K, 0% used [0x00000000eb400000,0x00000000eb400000,0x00000000eb980000)
 ParOldGen       total 150528K, used 121984K [0x00000000c0000000, 0x00000000c9300000, 0x00000000eab00000)
  object space 150528K, 81% used [0x00000000c0000000,0x00000000c77203b8,0x00000000c9300000)
 Metaspace       used 82552K, committed 83712K, reserved 1179648K
  class space    used 9212K, committed 9728K, reserved 1048576K
}
Event: 947.373 GC heap after
{Heap after GC invocations=64 (full 7):
 PSYoungGen      total 11776K, used 2536K [0x00000000eab00000, 0x00000000ebb00000, 0x0000000100000000)
  eden space 9216K, 0% used [0x00000000eab00000,0x00000000eab00000,0x00000000eb400000)
  from space 2560K, 99% used [0x00000000eb400000,0x00000000eb67a318,0x00000000eb680000)
  to   space 3584K, 0% used [0x00000000eb780000,0x00000000eb780000,0x00000000ebb00000)
 ParOldGen       total 150528K, used 125627K [0x00000000c0000000, 0x00000000c9300000, 0x00000000eab00000)
  object space 150528K, 83% used [0x00000000c0000000,0x00000000c7aaed50,0x00000000c9300000)
 Metaspace       used 82552K, committed 83712K, reserved 1179648K
  class space    used 9212K, committed 9728K, reserved 1048576K
}
Event: 947.481 GC heap before
{Heap before GC invocations=65 (full 7):
 PSYoungGen      total 11776K, used 11752K [0x00000000eab00000, 0x00000000ebb00000, 0x0000000100000000)
  eden space 9216K, 100% used [0x00000000eab00000,0x00000000eb400000,0x00000000eb400000)
  from space 2560K, 99% used [0x00000000eb400000,0x00000000eb67a318,0x00000000eb680000)
  to   space 3584K, 0% used [0x00000000eb780000,0x00000000eb780000,0x00000000ebb00000)
 ParOldGen       total 150528K, used 125627K [0x00000000c0000000, 0x00000000c9300000, 0x00000000eab00000)
  object space 150528K, 83% used [0x00000000c0000000,0x00000000c7aaed50,0x00000000c9300000)
 Metaspace       used 83169K, committed 84352K, reserved 1179648K
  class space    used 9274K, committed 9792K, reserved 1048576K
}
Event: 947.483 GC heap after
{Heap after GC invocations=65 (full 7):
 PSYoungGen      total 12288K, used 2632K [0x00000000eab00000, 0x00000000eba80000, 0x0000000100000000)
  eden space 9216K, 0% used [0x00000000eab00000,0x00000000eab00000,0x00000000eb400000)
  from space 3072K, 85% used [0x00000000eb780000,0x00000000eba12318,0x00000000eba80000)
  to   space 3072K, 0% used [0x00000000eb480000,0x00000000eb480000,0x00000000eb780000)
 ParOldGen       total 150528K, used 125627K [0x00000000c0000000, 0x00000000c9300000, 0x00000000eab00000)
  object space 150528K, 83% used [0x00000000c0000000,0x00000000c7aaed50,0x00000000c9300000)
 Metaspace       used 83169K, committed 84352K, reserved 1179648K
  class space    used 9274K, committed 9792K, reserved 1048576K
}
Event: 951.629 GC heap before
{Heap before GC invocations=66 (full 7):
 PSYoungGen      total 12288K, used 11848K [0x00000000eab00000, 0x00000000eba80000, 0x0000000100000000)
  eden space 9216K, 100% used [0x00000000eab00000,0x00000000eb400000,0x00000000eb400000)
  from space 3072K, 85% used [0x00000000eb780000,0x00000000eba12318,0x00000000eba80000)
  to   space 3072K, 0% used [0x00000000eb480000,0x00000000eb480000,0x00000000eb780000)
 ParOldGen       total 150528K, used 125627K [0x00000000c0000000, 0x00000000c9300000, 0x00000000eab00000)
  object space 150528K, 83% used [0x00000000c0000000,0x00000000c7aaed50,0x00000000c9300000)
 Metaspace       used 83379K, committed 84480K, reserved 1179648K
  class space    used 9295K, committed 9792K, reserved 1048576K
}
Event: 951.632 GC heap after
{Heap after GC invocations=66 (full 7):
 PSYoungGen      total 12288K, used 3064K [0x00000000eab00000, 0x00000000ebc00000, 0x0000000100000000)
  eden space 9216K, 0% used [0x00000000eab00000,0x00000000eab00000,0x00000000eb400000)
  from space 3072K, 99% used [0x00000000eb480000,0x00000000eb77e218,0x00000000eb780000)
  to   space 4096K, 0% used [0x00000000eb800000,0x00000000eb800000,0x00000000ebc00000)
 ParOldGen       total 150528K, used 126304K [0x00000000c0000000, 0x00000000c9300000, 0x00000000eab00000)
  object space 150528K, 83% used [0x00000000c0000000,0x00000000c7b580a8,0x00000000c9300000)
 Metaspace       used 83379K, committed 84480K, reserved 1179648K
  class space    used 9295K, committed 9792K, reserved 1048576K
}

